<?xml version="1.0" encoding="UTF-8"?>
<!-- Generated by org.testng.reporters.JUnitReportReporter -->
<testsuite hostname="E-Tech" failures="0" tests="5" name="TestStringCalculator" time="0.036" errors="0" timestamp="2021-10-17T11:18:20 IST" skipped="0">
  <testcase classname="TestStringCalculator" name="negativeInputReturnsException" time="0.017"/>
  <system-out/>
  <testcase classname="TestStringCalculator" name="returnsZero" time="0.002"/>
  <system-out/>
  <testcase classname="TestStringCalculator" name="twoNumbersNewLineDelimiterReturnSum" time="0.006"/>
  <system-out/>
  <testcase classname="TestStringCalculator" name="returnsValue" time="0.008"/>
  <system-out/>
  <testcase classname="TestStringCalculator" name="sumOfNumbers" time="0.003"/>
  <system-out/>
</testsuite> <!-- TestStringCalculator -->
